# JRE version: OpenJDK Runtime Environment Temurin-21.0.10+7 (21.0.10+7) (build 21.0.10+7-LTS)
# Java VM: OpenJDK 64-Bit Server VM Temurin-21.0.10+7 (21.0.10+7-LTS, mixed mode, sharing, tiered, compressed oops, compressed class ptrs, parallel gc, windows-amd64)
GC Precious Log:
 CardTable entry size: 512
 CPUs: 12 total, 12 available
 Memory: 16071M
 Large Page Support: Disabled
 NUMA Support: Disabled
 Compressed Oops: Enabled (32-bit)
 Alignments: Space 512K, Generation 512K, Heap 2M
 Heap Min Capacity: 100M
 Heap Initial Capacity: 100M
 Heap Max Capacity: 2G
 Pre-touch: Disabled
 Parallel Workers: 10
Heap:
 PSYoungGen      total 5120K, used 2425K [0x00000000d5580000, 0x00000000d5b80000, 0x0000000100000000)
  eden space 4096K, 42% used [0x00000000d5580000,0x00000000d572ea00,0x00000000d5980000)
  from space 1024K, 68% used [0x00000000d5a80000,0x00000000d5b2fad0,0x00000000d5b80000)
  to   space 1024K, 0% used [0x00000000d5980000,0x00000000d5980000,0x00000000d5a80000)
 ParOldGen       total 383488K, used 124799K [0x0000000080000000, 0x0000000097680000, 0x00000000d5580000)
  object space 383488K, 32% used [0x0000000080000000,0x00000000879dfce8,0x0000000097680000)
 Metaspace       used 68321K, committed 69824K, reserved 1114112K
  class space    used 7273K, committed 7872K, reserved 1048576K
GC Heap History (20 events):
Event: 159.629 GC heap after
{Heap after GC invocations=901 (full 3):
 PSYoungGen      total 4608K, used 1536K [0x00000000d5580000, 0x00000000d5c00000, 0x0000000100000000)
  eden space 3072K, 0% used [0x00000000d5580000,0x00000000d5580000,0x00000000d5880000)
  from space 1536K, 100% used [0x00000000d5a80000,0x00000000d5c00000,0x00000000d5c00000)
  to   space 1536K, 0% used [0x00000000d5900000,0x00000000d5900000,0x00000000d5a80000)
 ParOldGen       total 383488K, used 113171K [0x0000000080000000, 0x0000000097680000, 0x00000000d5580000)
  object space 383488K, 29% used [0x0000000080000000,0x0000000086e84cb0,0x0000000097680000)
 Metaspace       used 67362K, committed 68864K, reserved 1114112K
  class space    used 7164K, committed 7808K, reserved 1048576K
}
Event: 160.659 GC heap before
{Heap before GC invocations=902 (full 3):
 PSYoungGen      total 4608K, used 4608K [0x00000000d5580000, 0x00000000d5c00000, 0x0000000100000000)
  eden space 3072K, 100% used [0x00000000d5580000,0x00000000d5880000,0x00000000d5880000)
  from space 1536K, 100% used [0x00000000d5a80000,0x00000000d5c00000,0x00000000d5c00000)
  to   space 1536K, 0% used [0x00000000d5900000,0x00000000d5900000,0x00000000d5a80000)
 ParOldGen       total 383488K, used 113171K [0x0000000080000000, 0x0000000097680000, 0x00000000d5580000)
  object space 383488K, 29% used [0x0000000080000000,0x0000000086e84cb0,0x0000000097680000)
 Metaspace       used 67391K, committed 68864K, reserved 1114112K
  class space    used 7164K, committed 7808K, reserved 1048576K
}
Event: 160.662 GC heap after
{Heap after GC invocations=902 (full 3):
 PSYoungGen      total 4608K, used 1536K [0x00000000d5580000, 0x00000000d6180000, 0x0000000100000000)
  eden space 3072K, 0% used [0x00000000d5580000,0x00000000d5580000,0x00000000d5880000)
  from space 1536K, 100% used [0x00000000d5900000,0x00000000d5a80000,0x00000000d5a80000)
  to   space 4608K, 0% used [0x00000000d5d00000,0x00000000d5d00000,0x00000000d6180000)
 ParOldGen       total 383488K, used 115870K [0x0000000080000000, 0x0000000097680000, 0x00000000d5580000)
  object space 383488K, 30% used [0x0000000080000000,0x0000000087127bb8,0x0000000097680000)
 Metaspace       used 67391K, committed 68864K, reserved 1114112K
  class space    used 7164K, committed 7808K, reserved 1048576K
}
Event: 160.697 GC heap before
{Heap before GC invocations=903 (full 3):
 PSYoungGen      total 4608K, used 4608K [0x00000000d5580000, 0x00000000d6180000, 0x0000000100000000)
  eden space 3072K, 100% used [0x00000000d5580000,0x00000000d5880000,0x00000000d5880000)
  from space 1536K, 100% used [0x00000000d5900000,0x00000000d5a80000,0x00000000d5a80000)
  to   space 4608K, 0% used [0x00000000d5d00000,0x00000000d5d00000,0x00000000d6180000)
 ParOldGen       total 383488K, used 115870K [0x0000000080000000, 0x0000000097680000, 0x00000000d5580000)
  object space 383488K, 30% used [0x0000000080000000,0x0000000087127bb8,0x0000000097680000)
 Metaspace       used 67494K, committed 68928K, reserved 1114112K
  class space    used 7176K, committed 7808K, reserved 1048576K
}
Event: 160.700 GC heap after
{Heap after GC invocations=903 (full 3):
 PSYoungGen      total 5120K, used 1690K [0x00000000d5580000, 0x00000000d5f00000, 0x0000000100000000)
  eden space 3072K, 0% used [0x00000000d5580000,0x00000000d5580000,0x00000000d5880000)
  from space 2048K, 82% used [0x00000000d5d00000,0x00000000d5ea6800,0x00000000d5f00000)
  to   space 3072K, 0% used [0x00000000d5900000,0x00000000d5900000,0x00000000d5c00000)
 ParOldGen       total 383488K, used 117470K [0x0000000080000000, 0x0000000097680000, 0x00000000d5580000)
  object space 383488K, 30% used [0x0000000080000000,0x00000000872b7bb8,0x0000000097680000)
 Metaspace       used 67494K, committed 68928K, reserved 1114112K
  class space    used 7176K, committed 7808K, reserved 1048576K
}
Event: 160.808 GC heap before
{Heap before GC invocations=904 (full 3):
 PSYoungGen      total 5120K, used 4762K [0x00000000d5580000, 0x00000000d5f00000, 0x0000000100000000)
  eden space 3072K, 100% used [0x00000000d5580000,0x00000000d5880000,0x00000000d5880000)
  from space 2048K, 82% used [0x00000000d5d00000,0x00000000d5ea6800,0x00000000d5f00000)
  to   space 3072K, 0% used [0x00000000d5900000,0x00000000d5900000,0x00000000d5c00000)
 ParOldGen       total 383488K, used 117470K [0x0000000080000000, 0x0000000097680000, 0x00000000d5580000)
  object space 383488K, 30% used [0x0000000080000000,0x00000000872b7bb8,0x0000000097680000)
 Metaspace       used 67794K, committed 69248K, reserved 1114112K
  class space    used 7213K, committed 7808K, reserved 1048576K
}
Event: 160.811 GC heap after
{Heap after GC invocations=904 (full 3):
 PSYoungGen      total 6144K, used 624K [0x00000000d5580000, 0x00000000d5d80000, 0x0000000100000000)
  eden space 3072K, 0% used [0x00000000d5580000,0x00000000d5580000,0x00000000d5880000)
  from space 3072K, 20% used [0x00000000d5900000,0x00000000d599c030,0x00000000d5c00000)
  to   space 1536K, 0% used [0x00000000d5c00000,0x00000000d5c00000,0x00000000d5d80000)
 ParOldGen       total 383488K, used 119016K [0x0000000080000000, 0x0000000097680000, 0x00000000d5580000)
  object space 383488K, 31% used [0x0000000080000000,0x000000008743a3d8,0x0000000097680000)
 Metaspace       used 67794K, committed 69248K, reserved 1114112K
  class space    used 7213K, committed 7808K, reserved 1048576K
}
Event: 160.830 GC heap before
{Heap before GC invocations=905 (full 3):
 PSYoungGen      total 6144K, used 3696K [0x00000000d5580000, 0x00000000d5d80000, 0x0000000100000000)
  eden space 3072K, 100% used [0x00000000d5580000,0x00000000d5880000,0x00000000d5880000)
  from space 3072K, 20% used [0x00000000d5900000,0x00000000d599c030,0x00000000d5c00000)
  to   space 1536K, 0% used [0x00000000d5c00000,0x00000000d5c00000,0x00000000d5d80000)
 ParOldGen       total 383488K, used 119016K [0x0000000080000000, 0x0000000097680000, 0x00000000d5580000)
  object space 383488K, 31% used [0x0000000080000000,0x000000008743a3d8,0x0000000097680000)
 Metaspace       used 67795K, committed 69248K, reserved 1114112K
  class space    used 7213K, committed 7808K, reserved 1048576K
}
Event: 160.831 GC heap after
{Heap after GC invocations=905 (full 3):
 PSYoungGen      total 4608K, used 1282K [0x00000000d5580000, 0x00000000d5d80000, 0x0000000100000000)
  eden space 3072K, 0% used [0x00000000d5580000,0x00000000d5580000,0x00000000d5880000)
  from space 1536K, 83% used [0x00000000d5c00000,0x00000000d5d40828,0x00000000d5d80000)
  to   space 1536K, 0% used [0x00000000d5a80000,0x00000000d5a80000,0x00000000d5c00000)
 ParOldGen       total 383488K, used 119496K [0x0000000080000000, 0x0000000097680000, 0x00000000d5580000)
  object space 383488K, 31% used [0x0000000080000000,0x00000000874b20d0,0x0000000097680000)
 Metaspace       used 67795K, committed 69248K, reserved 1114112K
  class space    used 7213K, committed 7808K, reserved 1048576K
}
Event: 160.862 GC heap before
{Heap before GC invocations=906 (full 3):
 PSYoungGen      total 4608K, used 4354K [0x00000000d5580000, 0x00000000d5d80000, 0x0000000100000000)
  eden space 3072K, 100% used [0x00000000d5580000,0x00000000d5880000,0x00000000d5880000)
  from space 1536K, 83% used [0x00000000d5c00000,0x00000000d5d40828,0x00000000d5d80000)
  to   space 1536K, 0% used [0x00000000d5a80000,0x00000000d5a80000,0x00000000d5c00000)
 ParOldGen       total 383488K, used 119496K [0x0000000080000000, 0x0000000097680000, 0x00000000d5580000)
  object space 383488K, 31% used [0x0000000080000000,0x00000000874b20d0,0x0000000097680000)
 Metaspace       used 67795K, committed 69248K, reserved 1114112K
  class space    used 7213K, committed 7808K, reserved 1048576K
}
Event: 160.862 GC heap after
{Heap after GC invocations=906 (full 3):
 PSYoungGen      total 4608K, used 1069K [0x00000000d5580000, 0x00000000d5c80000, 0x0000000100000000)
  eden space 3072K, 0% used [0x00000000d5580000,0x00000000d5580000,0x00000000d5880000)
  from space 1536K, 69% used [0x00000000d5a80000,0x00000000d5b8b4b0,0x00000000d5c00000)
  to   space 512K, 0% used [0x00000000d5c00000,0x00000000d5c00000,0x00000000d5c80000)
 ParOldGen       total 383488K, used 120620K [0x0000000080000000, 0x0000000097680000, 0x00000000d5580000)
  object space 383488K, 31% used [0x0000000080000000,0x00000000875cb0d8,0x0000000097680000)
 Metaspace       used 67795K, committed 69248K, reserved 1114112K
  class space    used 7213K, committed 7808K, reserved 1048576K
}
Event: 160.888 GC heap before
{Heap before GC invocations=907 (full 3):
 PSYoungGen      total 4608K, used 4141K [0x00000000d5580000, 0x00000000d5c80000, 0x0000000100000000)
  eden space 3072K, 100% used [0x00000000d5580000,0x00000000d5880000,0x00000000d5880000)
  from space 1536K, 69% used [0x00000000d5a80000,0x00000000d5b8b4b0,0x00000000d5c00000)
  to   space 512K, 0% used [0x00000000d5c00000,0x00000000d5c00000,0x00000000d5c80000)
 ParOldGen       total 383488K, used 120620K [0x0000000080000000, 0x0000000097680000, 0x00000000d5580000)
  object space 383488K, 31% used [0x0000000080000000,0x00000000875cb0d8,0x0000000097680000)
 Metaspace       used 67795K, committed 69248K, reserved 1114112K
  class space    used 7213K, committed 7808K, reserved 1048576K
}
Event: 160.889 GC heap after
{Heap after GC invocations=907 (full 3):
 PSYoungGen      total 3584K, used 510K [0x00000000d5580000, 0x00000000d5d80000, 0x0000000100000000)
  eden space 3072K, 0% used [0x00000000d5580000,0x00000000d5580000,0x00000000d5880000)
  from space 512K, 99% used [0x00000000d5c00000,0x00000000d5c7f9a8,0x00000000d5c80000)
  to   space 2560K, 0% used [0x00000000d5880000,0x00000000d5880000,0x00000000d5b00000)
 ParOldGen       total 383488K, used 122206K [0x0000000080000000, 0x0000000097680000, 0x00000000d5580000)
  object space 383488K, 31% used [0x0000000080000000,0x0000000087757b80,0x0000000097680000)
 Metaspace       used 67795K, committed 69248K, reserved 1114112K
  class space    used 7213K, committed 7808K, reserved 1048576K
}
Event: 160.905 GC heap before
{Heap before GC invocations=908 (full 3):
 PSYoungGen      total 3584K, used 3552K [0x00000000d5580000, 0x00000000d5d80000, 0x0000000100000000)
  eden space 3072K, 99% used [0x00000000d5580000,0x00000000d58787c8,0x00000000d5880000)
  from space 512K, 99% used [0x00000000d5c00000,0x00000000d5c7f9a8,0x00000000d5c80000)
  to   space 2560K, 0% used [0x00000000d5880000,0x00000000d5880000,0x00000000d5b00000)
 ParOldGen       total 383488K, used 122206K [0x0000000080000000, 0x0000000097680000, 0x00000000d5580000)
  object space 383488K, 31% used [0x0000000080000000,0x0000000087757b80,0x0000000097680000)
 Metaspace       used 67795K, committed 69248K, reserved 1114112K
  class space    used 7213K, committed 7808K, reserved 1048576K
}
Event: 160.905 GC heap after
{Heap after GC invocations=908 (full 3):
 PSYoungGen      total 5632K, used 1115K [0x00000000d5580000, 0x00000000d5c80000, 0x0000000100000000)
  eden space 3072K, 0% used [0x00000000d5580000,0x00000000d5580000,0x00000000d5880000)
  from space 2560K, 43% used [0x00000000d5880000,0x00000000d5996c68,0x00000000d5b00000)
  to   space 1536K, 0% used [0x00000000d5b00000,0x00000000d5b00000,0x00000000d5c80000)
 ParOldGen       total 383488K, used 122705K [0x0000000080000000, 0x0000000097680000, 0x00000000d5580000)
  object space 383488K, 31% used [0x0000000080000000,0x00000000877d4708,0x0000000097680000)
 Metaspace       used 67795K, committed 69248K, reserved 1114112K
  class space    used 7213K, committed 7808K, reserved 1048576K
}
Event: 160.948 GC heap before
{Heap before GC invocations=909 (full 3):
 PSYoungGen      total 5632K, used 4187K [0x00000000d5580000, 0x00000000d5c80000, 0x0000000100000000)
  eden space 3072K, 99% used [0x00000000d5580000,0x00000000d587ffc8,0x00000000d5880000)
  from space 2560K, 43% used [0x00000000d5880000,0x00000000d5996c68,0x00000000d5b00000)
  to   space 1536K, 0% used [0x00000000d5b00000,0x00000000d5b00000,0x00000000d5c80000)
 ParOldGen       total 383488K, used 122705K [0x0000000080000000, 0x0000000097680000, 0x00000000d5580000)
  object space 383488K, 31% used [0x0000000080000000,0x00000000877d4708,0x0000000097680000)
 Metaspace       used 67913K, committed 69376K, reserved 1114112K
  class space    used 7226K, committed 7872K, reserved 1048576K
}
Event: 160.950 GC heap after
{Heap after GC invocations=909 (full 3):
 PSYoungGen      total 4096K, used 927K [0x00000000d5580000, 0x00000000d5c00000, 0x0000000100000000)
  eden space 3072K, 0% used [0x00000000d5580000,0x00000000d5580000,0x00000000d5880000)
  from space 1024K, 90% used [0x00000000d5b00000,0x00000000d5be7e98,0x00000000d5c00000)
  to   space 1536K, 0% used [0x00000000d5900000,0x00000000d5900000,0x00000000d5a80000)
 ParOldGen       total 383488K, used 123696K [0x0000000080000000, 0x0000000097680000, 0x00000000d5580000)
  object space 383488K, 32% used [0x0000000080000000,0x00000000878cc258,0x0000000097680000)
 Metaspace       used 67913K, committed 69376K, reserved 1114112K
  class space    used 7226K, committed 7872K, reserved 1048576K
}
Event: 161.026 GC heap before
{Heap before GC invocations=910 (full 3):
 PSYoungGen      total 4096K, used 3999K [0x00000000d5580000, 0x00000000d5c00000, 0x0000000100000000)
  eden space 3072K, 100% used [0x00000000d5580000,0x00000000d5880000,0x00000000d5880000)
  from space 1024K, 90% used [0x00000000d5b00000,0x00000000d5be7e98,0x00000000d5c00000)
  to   space 1536K, 0% used [0x00000000d5900000,0x00000000d5900000,0x00000000d5a80000)
 ParOldGen       total 383488K, used 123696K [0x0000000080000000, 0x0000000097680000, 0x00000000d5580000)
  object space 383488K, 32% used [0x0000000080000000,0x00000000878cc258,0x0000000097680000)
 Metaspace       used 68023K, committed 69504K, reserved 1114112K
  class space    used 7235K, committed 7872K, reserved 1048576K
}
Event: 161.029 GC heap after
{Heap after GC invocations=910 (full 3):
 PSYoungGen      total 4608K, used 480K [0x00000000d5580000, 0x00000000d5b80000, 0x0000000100000000)
  eden space 3072K, 0% used [0x00000000d5580000,0x00000000d5580000,0x00000000d5880000)
  from space 1536K, 31% used [0x00000000d5900000,0x00000000d5978000,0x00000000d5a80000)
  to   space 1024K, 0% used [0x00000000d5a80000,0x00000000d5a80000,0x00000000d5b80000)
 ParOldGen       total 383488K, used 124439K [0x0000000080000000, 0x0000000097680000, 0x00000000d5580000)
  object space 383488K, 32% used [0x0000000080000000,0x0000000087985ce8,0x0000000097680000)
 Metaspace       used 68023K, committed 69504K, reserved 1114112K
  class space    used 7235K, committed 7872K, reserved 1048576K
}
Event: 161.134 GC heap before
{Heap before GC invocations=911 (full 3):
 PSYoungGen      total 4608K, used 3552K [0x00000000d5580000, 0x00000000d5b80000, 0x0000000100000000)
  eden space 3072K, 100% used [0x00000000d5580000,0x00000000d5880000,0x00000000d5880000)
  from space 1536K, 31% used [0x00000000d5900000,0x00000000d5978000,0x00000000d5a80000)
  to   space 1024K, 0% used [0x00000000d5a80000,0x00000000d5a80000,0x00000000d5b80000)
 ParOldGen       total 383488K, used 124439K [0x0000000080000000, 0x0000000097680000, 0x00000000d5580000)
  object space 383488K, 32% used [0x0000000080000000,0x0000000087985ce8,0x0000000097680000)
 Metaspace       used 68285K, committed 69760K, reserved 1114112K
  class space    used 7270K, committed 7872K, reserved 1048576K
}

