# JRE version: OpenJDK Runtime Environment Temurin-21.0.10+7 (21.0.10+7) (build 21.0.10+7-LTS)
# Java VM: OpenJDK 64-Bit Server VM Temurin-21.0.10+7 (21.0.10+7-LTS, mixed mode, sharing, tiered, compressed oops, compressed class ptrs, parallel gc, windows-amd64)
GC Precious Log:
 CardTable entry size: 512
 CPUs: 12 total, 12 available
 Memory: 16071M
 Large Page Support: Disabled
 NUMA Support: Disabled
 Compressed Oops: Enabled (32-bit)
 Alignments: Space 512K, Generation 512K, Heap 2M
 Heap Min Capacity: 100M
 Heap Initial Capacity: 100M
 Heap Max Capacity: 2G
 Pre-touch: Disabled
 Parallel Workers: 10
Heap:
 PSYoungGen      total 4096K, used 3712K [0x00000000d5580000, 0x00000000d5a80000, 0x0000000100000000)
  eden space 3072K, 100% used [0x00000000d5580000,0x00000000d5880000,0x00000000d5880000)
  from space 1024K, 62% used [0x00000000d5980000,0x00000000d5a20000,0x00000000d5a80000)
  to   space 1024K, 55% used [0x00000000d5880000,0x00000000d590ec08,0x00000000d5980000)
 ParOldGen       total 399872K, used 399865K [0x0000000080000000, 0x0000000098680000, 0x00000000d5580000)
  object space 399872K, 99% used [0x0000000080000000,0x000000009867e478,0x0000000098680000)
 Metaspace       used 69039K, committed 70528K, reserved 1114112K
  class space    used 7389K, committed 8000K, reserved 1048576K
GC Heap History (20 events):
Event: 41.261 GC heap after
{Heap after GC invocations=412 (full 3):
 PSYoungGen      total 4096K, used 507K [0x00000000d5580000, 0x00000000d5a80000, 0x0000000100000000)
  eden space 3072K, 0% used [0x00000000d5580000,0x00000000d5580000,0x00000000d5880000)
  from space 1024K, 49% used [0x00000000d5880000,0x00000000d58fec08,0x00000000d5980000)
  to   space 1024K, 0% used [0x00000000d5980000,0x00000000d5980000,0x00000000d5a80000)
 ParOldGen       total 396800K, used 396483K [0x0000000080000000, 0x0000000098380000, 0x00000000d5580000)
  object space 396800K, 99% used [0x0000000080000000,0x0000000098330e60,0x0000000098380000)
 Metaspace       used 68564K, committed 70016K, reserved 1114112K
  class space    used 7338K, committed 7936K, reserved 1048576K
}
Event: 41.278 GC heap before
{Heap before GC invocations=413 (full 3):
 PSYoungGen      total 4096K, used 3579K [0x00000000d5580000, 0x00000000d5a80000, 0x0000000100000000)
  eden space 3072K, 100% used [0x00000000d5580000,0x00000000d5880000,0x00000000d5880000)
  from space 1024K, 49% used [0x00000000d5880000,0x00000000d58fec08,0x00000000d5980000)
  to   space 1024K, 0% used [0x00000000d5980000,0x00000000d5980000,0x00000000d5a80000)
 ParOldGen       total 396800K, used 396483K [0x0000000080000000, 0x0000000098380000, 0x00000000d5580000)
  object space 396800K, 99% used [0x0000000080000000,0x0000000098330e60,0x0000000098380000)
 Metaspace       used 68615K, committed 70080K, reserved 1114112K
  class space    used 7351K, committed 7936K, reserved 1048576K
}
Event: 41.281 GC heap after
{Heap after GC invocations=413 (full 3):
 PSYoungGen      total 4096K, used 544K [0x00000000d5580000, 0x00000000d5a80000, 0x0000000100000000)
  eden space 3072K, 0% used [0x00000000d5580000,0x00000000d5580000,0x00000000d5880000)
  from space 1024K, 53% used [0x00000000d5980000,0x00000000d5a08000,0x00000000d5a80000)
  to   space 1024K, 0% used [0x00000000d5880000,0x00000000d5880000,0x00000000d5980000)
 ParOldGen       total 397312K, used 396822K [0x0000000080000000, 0x0000000098400000, 0x00000000d5580000)
  object space 397312K, 99% used [0x0000000080000000,0x0000000098385a68,0x0000000098400000)
 Metaspace       used 68615K, committed 70080K, reserved 1114112K
  class space    used 7351K, committed 7936K, reserved 1048576K
}
Event: 41.305 GC heap before
{Heap before GC invocations=414 (full 3):
 PSYoungGen      total 4096K, used 3616K [0x00000000d5580000, 0x00000000d5a80000, 0x0000000100000000)
  eden space 3072K, 100% used [0x00000000d5580000,0x00000000d5880000,0x00000000d5880000)
  from space 1024K, 53% used [0x00000000d5980000,0x00000000d5a08000,0x00000000d5a80000)
  to   space 1024K, 0% used [0x00000000d5880000,0x00000000d5880000,0x00000000d5980000)
 ParOldGen       total 397312K, used 396822K [0x0000000080000000, 0x0000000098400000, 0x00000000d5580000)
  object space 397312K, 99% used [0x0000000080000000,0x0000000098385a68,0x0000000098400000)
 Metaspace       used 68707K, committed 70208K, reserved 1114112K
  class space    used 7361K, committed 8000K, reserved 1048576K
}
Event: 41.308 GC heap after
{Heap after GC invocations=414 (full 3):
 PSYoungGen      total 4096K, used 352K [0x00000000d5580000, 0x00000000d5a00000, 0x0000000100000000)
  eden space 3072K, 0% used [0x00000000d5580000,0x00000000d5580000,0x00000000d5880000)
  from space 1024K, 34% used [0x00000000d5880000,0x00000000d58d8000,0x00000000d5980000)
  to   space 512K, 0% used [0x00000000d5980000,0x00000000d5980000,0x00000000d5a00000)
 ParOldGen       total 397312K, used 397182K [0x0000000080000000, 0x0000000098400000, 0x00000000d5580000)
  object space 397312K, 99% used [0x0000000080000000,0x00000000983dfa68,0x0000000098400000)
 Metaspace       used 68707K, committed 70208K, reserved 1114112K
  class space    used 7361K, committed 8000K, reserved 1048576K
}
Event: 41.325 GC heap before
{Heap before GC invocations=415 (full 3):
 PSYoungGen      total 4096K, used 3424K [0x00000000d5580000, 0x00000000d5a00000, 0x0000000100000000)
  eden space 3072K, 100% used [0x00000000d5580000,0x00000000d5880000,0x00000000d5880000)
  from space 1024K, 34% used [0x00000000d5880000,0x00000000d58d8000,0x00000000d5980000)
  to   space 512K, 0% used [0x00000000d5980000,0x00000000d5980000,0x00000000d5a00000)
 ParOldGen       total 397312K, used 397182K [0x0000000080000000, 0x0000000098400000, 0x00000000d5580000)
  object space 397312K, 99% used [0x0000000080000000,0x00000000983dfa68,0x0000000098400000)
 Metaspace       used 68766K, committed 70272K, reserved 1114112K
  class space    used 7372K, committed 8000K, reserved 1048576K
}
Event: 41.328 GC heap after
{Heap after GC invocations=415 (full 3):
 PSYoungGen      total 3584K, used 502K [0x00000000d5580000, 0x00000000d5a80000, 0x0000000100000000)
  eden space 3072K, 0% used [0x00000000d5580000,0x00000000d5580000,0x00000000d5880000)
  from space 512K, 98% used [0x00000000d5980000,0x00000000d59fd808,0x00000000d5a00000)
  to   space 1024K, 0% used [0x00000000d5880000,0x00000000d5880000,0x00000000d5980000)
 ParOldGen       total 397824K, used 397478K [0x0000000080000000, 0x0000000098480000, 0x00000000d5580000)
  object space 397824K, 99% used [0x0000000080000000,0x0000000098429a68,0x0000000098480000)
 Metaspace       used 68766K, committed 70272K, reserved 1114112K
  class space    used 7372K, committed 8000K, reserved 1048576K
}
Event: 41.350 GC heap before
{Heap before GC invocations=416 (full 3):
 PSYoungGen      total 3584K, used 3560K [0x00000000d5580000, 0x00000000d5a80000, 0x0000000100000000)
  eden space 3072K, 99% used [0x00000000d5580000,0x00000000d587c930,0x00000000d5880000)
  from space 512K, 98% used [0x00000000d5980000,0x00000000d59fd808,0x00000000d5a00000)
  to   space 1024K, 0% used [0x00000000d5880000,0x00000000d5880000,0x00000000d5980000)
 ParOldGen       total 397824K, used 397478K [0x0000000080000000, 0x0000000098480000, 0x00000000d5580000)
  object space 397824K, 99% used [0x0000000080000000,0x0000000098429a68,0x0000000098480000)
 Metaspace       used 68783K, committed 70272K, reserved 1114112K
  class space    used 7372K, committed 8000K, reserved 1048576K
}
Event: 41.352 GC heap after
{Heap after GC invocations=416 (full 3):
 PSYoungGen      total 4096K, used 512K [0x00000000d5580000, 0x00000000d5a80000, 0x0000000100000000)
  eden space 3072K, 0% used [0x00000000d5580000,0x00000000d5580000,0x00000000d5880000)
  from space 1024K, 50% used [0x00000000d5880000,0x00000000d5900000,0x00000000d5980000)
  to   space 1024K, 0% used [0x00000000d5980000,0x00000000d5980000,0x00000000d5a80000)
 ParOldGen       total 398336K, used 397868K [0x0000000080000000, 0x0000000098500000, 0x00000000d5580000)
  object space 398336K, 99% used [0x0000000080000000,0x000000009848b270,0x0000000098500000)
 Metaspace       used 68783K, committed 70272K, reserved 1114112K
  class space    used 7372K, committed 8000K, reserved 1048576K
}
Event: 41.373 GC heap before
{Heap before GC invocations=417 (full 3):
 PSYoungGen      total 4096K, used 3569K [0x00000000d5580000, 0x00000000d5a80000, 0x0000000100000000)
  eden space 3072K, 99% used [0x00000000d5580000,0x00000000d587c430,0x00000000d5880000)
  from space 1024K, 50% used [0x00000000d5880000,0x00000000d5900000,0x00000000d5980000)
  to   space 1024K, 0% used [0x00000000d5980000,0x00000000d5980000,0x00000000d5a80000)
 ParOldGen       total 398336K, used 397868K [0x0000000080000000, 0x0000000098500000, 0x00000000d5580000)
  object space 398336K, 99% used [0x0000000080000000,0x000000009848b270,0x0000000098500000)
 Metaspace       used 68792K, committed 70272K, reserved 1114112K
  class space    used 7373K, committed 8000K, reserved 1048576K
}
Event: 41.375 GC heap after
{Heap after GC invocations=417 (full 3):
 PSYoungGen      total 3584K, used 416K [0x00000000d5580000, 0x00000000d5a00000, 0x0000000100000000)
  eden space 3072K, 0% used [0x00000000d5580000,0x00000000d5580000,0x00000000d5880000)
  from space 512K, 81% used [0x00000000d5980000,0x00000000d59e8000,0x00000000d5a00000)
  to   space 512K, 0% used [0x00000000d5900000,0x00000000d5900000,0x00000000d5980000)
 ParOldGen       total 398336K, used 398228K [0x0000000080000000, 0x0000000098500000, 0x00000000d5580000)
  object space 398336K, 99% used [0x0000000080000000,0x00000000984e5270,0x0000000098500000)
 Metaspace       used 68792K, committed 70272K, reserved 1114112K
  class space    used 7373K, committed 8000K, reserved 1048576K
}
Event: 41.391 GC heap before
{Heap before GC invocations=418 (full 3):
 PSYoungGen      total 3584K, used 3488K [0x00000000d5580000, 0x00000000d5a00000, 0x0000000100000000)
  eden space 3072K, 100% used [0x00000000d5580000,0x00000000d5880000,0x00000000d5880000)
  from space 512K, 81% used [0x00000000d5980000,0x00000000d59e8000,0x00000000d5a00000)
  to   space 512K, 0% used [0x00000000d5900000,0x00000000d5900000,0x00000000d5980000)
 ParOldGen       total 398336K, used 398228K [0x0000000080000000, 0x0000000098500000, 0x00000000d5580000)
  object space 398336K, 99% used [0x0000000080000000,0x00000000984e5270,0x0000000098500000)
 Metaspace       used 68811K, committed 70272K, reserved 1114112K
  class space    used 7374K, committed 8000K, reserved 1048576K
}
Event: 41.392 GC heap after
{Heap after GC invocations=418 (full 3):
 PSYoungGen      total 3584K, used 448K [0x00000000d5580000, 0x00000000d5a00000, 0x0000000100000000)
  eden space 3072K, 0% used [0x00000000d5580000,0x00000000d5580000,0x00000000d5880000)
  from space 512K, 87% used [0x00000000d5900000,0x00000000d5970000,0x00000000d5980000)
  to   space 512K, 0% used [0x00000000d5980000,0x00000000d5980000,0x00000000d5a00000)
 ParOldGen       total 398848K, used 398540K [0x0000000080000000, 0x0000000098580000, 0x00000000d5580000)
  object space 398848K, 99% used [0x0000000080000000,0x0000000098533270,0x0000000098580000)
 Metaspace       used 68811K, committed 70272K, reserved 1114112K
  class space    used 7374K, committed 8000K, reserved 1048576K
}
Event: 41.429 GC heap before
{Heap before GC invocations=419 (full 3):
 PSYoungGen      total 3584K, used 3519K [0x00000000d5580000, 0x00000000d5a00000, 0x0000000100000000)
  eden space 3072K, 99% used [0x00000000d5580000,0x00000000d587fff8,0x00000000d5880000)
  from space 512K, 87% used [0x00000000d5900000,0x00000000d5970000,0x00000000d5980000)
  to   space 512K, 0% used [0x00000000d5980000,0x00000000d5980000,0x00000000d5a00000)
 ParOldGen       total 398848K, used 398540K [0x0000000080000000, 0x0000000098580000, 0x00000000d5580000)
  object space 398848K, 99% used [0x0000000080000000,0x0000000098533270,0x0000000098580000)
 Metaspace       used 68900K, committed 70400K, reserved 1114112K
  class space    used 7383K, committed 8000K, reserved 1048576K
}
Event: 41.432 GC heap after
{Heap after GC invocations=419 (full 3):
 PSYoungGen      total 3584K, used 352K [0x00000000d5580000, 0x00000000d5a00000, 0x0000000100000000)
  eden space 3072K, 0% used [0x00000000d5580000,0x00000000d5580000,0x00000000d5880000)
  from space 512K, 68% used [0x00000000d5980000,0x00000000d59d8000,0x00000000d5a00000)
  to   space 512K, 0% used [0x00000000d5900000,0x00000000d5900000,0x00000000d5980000)
 ParOldGen       total 398848K, used 398844K [0x0000000080000000, 0x0000000098580000, 0x00000000d5580000)
  object space 398848K, 99% used [0x0000000080000000,0x000000009857f270,0x0000000098580000)
 Metaspace       used 68900K, committed 70400K, reserved 1114112K
  class space    used 7383K, committed 8000K, reserved 1048576K
}
Event: 41.504 GC heap before
{Heap before GC invocations=420 (full 3):
 PSYoungGen      total 3584K, used 3424K [0x00000000d5580000, 0x00000000d5a00000, 0x0000000100000000)
  eden space 3072K, 100% used [0x00000000d5580000,0x00000000d5880000,0x00000000d5880000)
  from space 512K, 68% used [0x00000000d5980000,0x00000000d59d8000,0x00000000d5a00000)
  to   space 512K, 0% used [0x00000000d5900000,0x00000000d5900000,0x00000000d5980000)
 ParOldGen       total 398848K, used 398844K [0x0000000080000000, 0x0000000098580000, 0x00000000d5580000)
  object space 398848K, 99% used [0x0000000080000000,0x000000009857f270,0x0000000098580000)
 Metaspace       used 69001K, committed 70464K, reserved 1114112K
  class space    used 7387K, committed 8000K, reserved 1048576K
}
Event: 41.507 GC heap after
{Heap after GC invocations=420 (full 3):
 PSYoungGen      total 3584K, used 512K [0x00000000d5580000, 0x00000000d5a80000, 0x0000000100000000)
  eden space 3072K, 0% used [0x00000000d5580000,0x00000000d5580000,0x00000000d5880000)
  from space 512K, 100% used [0x00000000d5900000,0x00000000d5980000,0x00000000d5980000)
  to   space 1024K, 0% used [0x00000000d5980000,0x00000000d5980000,0x00000000d5a80000)
 ParOldGen       total 399360K, used 399044K [0x0000000080000000, 0x0000000098600000, 0x00000000d5580000)
  object space 399360K, 99% used [0x0000000080000000,0x00000000985b1270,0x0000000098600000)
 Metaspace       used 69001K, committed 70464K, reserved 1114112K
  class space    used 7387K, committed 8000K, reserved 1048576K
}
Event: 41.526 GC heap before
{Heap before GC invocations=421 (full 3):
 PSYoungGen      total 3584K, used 3584K [0x00000000d5580000, 0x00000000d5a80000, 0x0000000100000000)
  eden space 3072K, 100% used [0x00000000d5580000,0x00000000d5880000,0x00000000d5880000)
  from space 512K, 100% used [0x00000000d5900000,0x00000000d5980000,0x00000000d5980000)
  to   space 1024K, 0% used [0x00000000d5980000,0x00000000d5980000,0x00000000d5a80000)
 ParOldGen       total 399360K, used 399044K [0x0000000080000000, 0x0000000098600000, 0x00000000d5580000)
  object space 399360K, 99% used [0x0000000080000000,0x00000000985b1270,0x0000000098600000)
 Metaspace       used 69022K, committed 70528K, reserved 1114112K
  class space    used 7387K, committed 8000K, reserved 1048576K
}
Event: 41.528 GC heap after
{Heap after GC invocations=421 (full 3):
 PSYoungGen      total 4096K, used 640K [0x00000000d5580000, 0x00000000d5a80000, 0x0000000100000000)
  eden space 3072K, 0% used [0x00000000d5580000,0x00000000d5580000,0x00000000d5880000)
  from space 1024K, 62% used [0x00000000d5980000,0x00000000d5a20000,0x00000000d5a80000)
  to   space 1024K, 0% used [0x00000000d5880000,0x00000000d5880000,0x00000000d5980000)
 ParOldGen       total 399872K, used 399436K [0x0000000080000000, 0x0000000098680000, 0x00000000d5580000)
  object space 399872K, 99% used [0x0000000080000000,0x0000000098613270,0x0000000098680000)
 Metaspace       used 69022K, committed 70528K, reserved 1114112K
  class space    used 7387K, committed 8000K, reserved 1048576K
}
Event: 41.550 GC heap before
{Heap before GC invocations=422 (full 3):
 PSYoungGen      total 4096K, used 3712K [0x00000000d5580000, 0x00000000d5a80000, 0x0000000100000000)
  eden space 3072K, 100% used [0x00000000d5580000,0x00000000d5880000,0x00000000d5880000)
  from space 1024K, 62% used [0x00000000d5980000,0x00000000d5a20000,0x00000000d5a80000)
  to   space 1024K, 0% used [0x00000000d5880000,0x00000000d5880000,0x00000000d5980000)
 ParOldGen       total 399872K, used 399436K [0x0000000080000000, 0x0000000098680000, 0x00000000d5580000)
  object space 399872K, 99% used [0x0000000080000000,0x0000000098613270,0x0000000098680000)
 Metaspace       used 69039K, committed 70528K, reserved 1114112K
  class space    used 7389K, committed 8000K, reserved 1048576K
}

